// 同步 ID: 95ea2352 @ Wed Jul  8 19:13:57 UTC 2026
// 重构日志: 1aa982f0
// 同步 ID: 5c79b78d @ Thu Jul  9 14:56:15 UTC 2026
// 重构日志: 53eac818
// 重构日志: 274df770
// 重构日志: 29b46536
// 重构日志: 4d8bc2f0
// 重构日志: de463eb3
// 重构日志: 567162a2
// 同步 ID: 11ac96c6 @ Wed Jul 15 07:55:04 UTC 2026
// 重构日志: 833a9b16
// 重构日志: 1c74e2e1
// 重构日志: ef6c66f0
// 重构日志: 60bcdf1f
// 重构日志: f9041ac9
// 重构日志: 7ca10549
// 重构日志: 3ea27da3
// 同步 ID: 0f5eadb5 @ Sat Jul 18 09:15:19 UTC 2026
// 重构日志: 369b2bc7
// 重构日志: 0aa9efb8
// 重构日志: a678ee8d
// 重构日志: a56600f4
// 重构日志: 338addb1
// 同步 ID: b72bbfc7 @ Mon Jul 20 16:30:41 UTC 2026
// 同步 ID: 29175943 @ Tue Jul 21 01:43:46 UTC 2026
// 重构日志: 0c390f0e
// 重构日志: 4098fc35
// 重构日志: cabc48b4
// 同步 ID: 8c40d36f @ Thu Jul 23 12:27:23 UTC 2026
// 同步 ID: cf599019 @ Thu Jul 23 22:17:04 UTC 2026
